2023-09-16 11:08:50 0 [Note] Starting MariaDB 10.4.28-MariaDB source revision c8f2e9a5c0ac5905f28b050b7df5a9ffd914b7e7 as process 14220
2023-09-16 11:08:50 0 [Note] InnoDB: Mutexes and rw_locks use Windows interlocked functions
2023-09-16 11:08:50 0 [Note] InnoDB: Uses event mutexes
2023-09-16 11:08:50 0 [Note] InnoDB: Compressed tables use zlib 1.2.12
2023-09-16 11:08:50 0 [Note] InnoDB: Number of pools: 1
2023-09-16 11:08:50 0 [Note] InnoDB: Using SSE2 crc32 instructions
2023-09-16 11:08:50 0 [Note] InnoDB: Initializing buffer pool, total size = 16M, instances = 1, chunk size = 16M
2023-09-16 11:08:50 0 [Note] InnoDB: Completed initialization of buffer pool
2023-09-16 11:08:50 0 [Note] InnoDB: Starting crash recovery from checkpoint LSN=300288
2023-09-16 11:08:50 0 [Note] InnoDB: 128 out of 128 rollback segments are active.
2023-09-16 11:08:50 0 [Note] InnoDB: Removed temporary tablespace data file: "ibtmp1"
2023-09-16 11:08:50 0 [Note] InnoDB: Creating shared tablespace for temporary tables
2023-09-16 11:08:50 0 [Note] InnoDB: Setting file 'C:\xampp\mysql\data\ibtmp1' size to 12 MB. Physically writing the file full; Please wait ...
2023-09-16 11:08:50 0 [Note] InnoDB: File 'C:\xampp\mysql\data\ibtmp1' size is now 12 MB.
2023-09-16 11:08:50 0 [Note] InnoDB: Waiting for purge to start
2023-09-16 11:08:50 0 [Note] InnoDB: 10.4.28 started; log sequence number 300297; transaction id 170
2023-09-16 11:08:50 0 [Note] InnoDB: Loading buffer pool(s) from C:\xampp\mysql\data\ib_buffer_pool
2023-09-16 11:08:50 0 [Note] Plugin 'FEEDBACK' is disabled.
2023-09-16 11:08:50 0 [Note] Server socket created on IP: '::'.
2023-09-16 2023-09-26 21:50:47 0 [Note] Starting MariaDB 10.4.28-MariaDB source revision c8f2e9a5c0ac5905f28b050b7df5a9ffd914b7e7 as process 17240
2023-09-26 21:50:47 0 [Note] InnoDB: Mutexes and rw_locks use Windows interlocked functions
2023-09-26 21:50:47 0 [Note] InnoDB: Uses event mutexes
2023-09-26 21:50:47 0 [Note] InnoDB: Compressed tables use zlib 1.2.12
2023-09-26 21:50:47 0 [Note] InnoDB: Number of pools: 1
2023-09-26 21:50:47 0 [Note] InnoDB: Using SSE2 crc32 instructions
2023-09-26 21:50:47 0 [Note] InnoDB: Initializing buffer pool, total size = 16M, instances = 1, chunk size = 16M
2023-09-26 21:50:47 0 [Note] InnoDB: Completed initialization of buffer pool
2023-09-26 21:50:47 0 [Note] InnoDB: Starting crash recovery from checkpoint LSN=394532
2023-09-26 21:50:48 0 [Note] InnoDB: 128 out of 128 rollback segments are active.
2023-09-26 21:50:48 0 [Note] InnoDB: Removed temporary tablespace data file: "ibtmp1"
2023-09-26 21:50:48 0 [Note] InnoDB: Creating shared tablespace for temporary tables
2023-09-26 21:50:48 0 [Note] InnoDB: Setting file 'C:\xampp\mysql\data\ibtmp1' size to 12 MB. Physically writing the file full; Please wait ...
2023-09-26 21:50:48 0 [Note] InnoDB: File 'C:\xampp\mysql\data\ibtmp1' size is now 12 MB.
2023-09-26 21:50:48 0 [Note] InnoDB: Waiting for purge to start
2023-09-26 21:50:48 0 [Note] InnoDB: 10.4.28 started; log sequence number 394541; transaction id 370
2023-09-26 21:50:48 0 [Note] InnoDB: Loading buffer pool(s) from C:\xampp\mysql\data\ib_buffer_pool
2023-09-26 21:50:48 0 [Note] Plugin 'FEEDBACK' is disabled.
2023-09-26 21:50:48 0 [Note] InnoDB: Buffer pool(s) load completed at 230926 21:50:48
2023-09-26 21:50:48 0 [Note] Server socket created on IP: '::'.
2023-09-26 21:51:24 0 [Note] Starting MariaDB 10.4.28-MariaDB source revision c8f2e9a5c0ac5905f28b050b7df5a9ffd914b7e7 as process 15872
2023-09-26 21:51:24 0 [Note] mysqld.exe: Aria engine: starting recovery
recovered pages: 0% 100% (0.0 seconds); 
2023-09-26 21:51:24 0 [Note] mysqld.exe: Aria engine: recovery done
2023-09-26 21:51:24 0 [Note] InnoDB: Mutexes and rw_locks use Windows interlocked functions
2023-09-26 21:51:24 0 [Note] InnoDB: Uses event mutexes
2023-09-26 21:51:24 0 [Note] InnoDB: Compressed tables use zlib 1.2.12
2023-09-26 21:51:24 0 [Note] InnoDB: Number of pools: 1
2023-09-26 21:51:24 0 [Note] InnoDB: Using SSE2 crc32 instructions
2023-09-26 21:51:24 0 [Note] InnoDB: Initializing buffer pool, total size = 16M, instances = 1, chunk size = 16M
2023-09-26 21:51:24 0 [Note] InnoDB: Completed initialization of buffer pool
2023-09-26 21:51:24 0 [Note] InnoDB: Starting crash recovery from checkpoint LSN=394550
2023-09-26 21:51:24 0 [Note] InnoDB: 128 out of 128 rollback segments are active.
2023-09-26 21:51:24 0 [Note] InnoDB: Removed temporary tablespace data file: "ibtmp1"
2023-09-26 21:51:24 0 [Note] InnoDB: Creating shared tablespace for temporary tables
2023-09-26 21:51:24 0 [Note] InnoDB: Setting file 'C:\xampp\mysql\data\ibtmp1' size to 12 MB. Physically writing the file full; Please wait ...
2023-09-26 21:51:24 0 [Note] InnoDB: File 'C:\xampp\mysql\data\ibtmp1' size is now 12 MB.
2023-09-26 21:51:24 0 [Note] InnoDB: Waiting for purge to start
2023-09-26 21:51:24 0 [Note] InnoDB: 10.4.28 started; log sequence number 394559; transaction id 370
2023-09-26 21:51:24 0 [Note] InnoDB: Loading buffer pool(s) from C:\xampp\mysql\data\ib_buffer_pool
2023-09-26 21:51:24 0 [Note] Plugin 'FEEDBACK' is disabled.
2023-09-26 21:51:24 0 [Note] Server socket created on IP: '::'.
2023-09-26 21:53:54 0 [Note] Starting MariaDB 10.4.28-MariaDB source revision c8f2e9a5c0ac5905f28b050b7df5a9ffd914b7e7 as process 16040
2023-09-26 21:53:54 0 [ERROR] InnoDB: The innodb_system data file 'ibdata1' must be writable
2023-09-26 21:53:54 0 [ERROR] InnoDB: The innodb_system data file 'ibdata1' must be writable
2023-09-26 21:53:54 0 [ERROR] Plugin 'InnoDB' init function returned error.
2023-09-26 21:53:54 0 [ERROR] Plugin 'InnoDB' registration as a STORAGE ENGINE failed.
2023-09-26 21:53:54 0 [Note] Plugin 'FEEDBACK' is disabled.
2023-09-26 21:53:54 0 [ERROR] Unknown/unsupported storage engine: InnoDB
2023-09-26 21:53:54 0 [ERROR] Aborting
